<?xml version="1.0" encoding="UTF-8"?>
<!-- Generated by org.testng.reporters.JUnitXMLReporter -->
<testsuite ignored="0" hostname="DSCL-MNL-L1341" failures="0" tests="2" name="Default test" time="203.839" errors="0" timestamp="2023-11-10T14:07:56 CST">
  <testcase classname="sandboxv2.c1.test.blue.NEMO15059" name="download_da_banner_for_pplus_only_01" time="81.22"/>
  <testcase classname="sandboxv2.c1.test.blue.NEMO15059" name="download_da_banner_for_pplus_only_02" time="105.418"/>
</testsuite> <!-- Default test -->
