<?xml version="1.0" encoding="UTF-8"?>
<!-- Generated by org.testng.reporters.JUnitXMLReporter -->
<testsuite ignored="0" hostname="CUP-MNL-L507" failures="1" tests="3" name="Test" time="0.088" errors="0" timestamp="2023-02-01T18:49:59 CST">
  <testcase classname="sandboxv2.SandboxV2_Test" name="Google_About" time="0.036"/>
  <testcase classname="sandboxv2.SandboxV2_Test" name="Test1" time="0.01">
    <failure type="java.lang.AssertionError" message="expected [false] but found [true]">
      <![CDATA[java.lang.AssertionError: expected [false] but found [true]
at sandboxv2.SandboxV2_Test.Test1(SandboxV2_Test.java:69)
at java.base/java.util.ArrayList.forEach(ArrayList.java:1507)
... Removed 34 stack frames]]>
    </failure>
  </testcase> <!-- Test1 -->
  <testcase classname="sandboxv2.SandboxV2_Test" name="Test2" time="0.001"/>
</testsuite> <!-- Test -->
