<?xml version="1.0" encoding="UTF-8"?>
<testng-results ignored="0" total="2" passed="2" failed="0" skipped="0">
  <reporter-output>
  </reporter-output>
  <suite started-at="2023-11-10T14:04:32 CST" name="Default suite" finished-at="2023-11-10T14:07:56 CST" duration-ms="203839">
    <groups>
    </groups>
    <test started-at="2023-11-10T14:04:32 CST" name="Default test" finished-at="2023-11-10T14:07:56 CST" duration-ms="203839">
      <class name="sandboxv2.c1.test.blue.NEMO15059">
        <test-method is-config="true" signature="beforeClass()[pri:0, instance:sandboxv2.c1.test.blue.NEMO15059@6c284af]" started-at="2023-11-10T14:04:33 CST" name="beforeClass" finished-at="2023-11-10T14:04:39 CST" duration-ms="6331" status="PASS">
          <reporter-output>
          </reporter-output>
        </test-method> <!-- beforeClass -->
        <test-method signature="download_da_banner_for_pplus_only_01()[pri:0, instance:sandboxv2.c1.test.blue.NEMO15059@6c284af]" started-at="2023-11-10T14:04:39 CST" name="download_da_banner_for_pplus_only_01" finished-at="2023-11-10T14:06:00 CST" duration-ms="81220" status="PASS">
          <reporter-output>
          </reporter-output>
        </test-method> <!-- download_da_banner_for_pplus_only_01 -->
        <test-method is-config="true" signature="afterMethod()[pri:0, instance:sandboxv2.c1.test.blue.NEMO15059@6c284af]" started-at="2023-11-10T14:06:00 CST" name="afterMethod" finished-at="2023-11-10T14:06:06 CST" duration-ms="5529" status="PASS">
          <reporter-output>
          </reporter-output>
        </test-method> <!-- afterMethod -->
        <test-method signature="download_da_banner_for_pplus_only_02()[pri:0, instance:sandboxv2.c1.test.blue.NEMO15059@6c284af]" started-at="2023-11-10T14:06:06 CST" name="download_da_banner_for_pplus_only_02" finished-at="2023-11-10T14:07:51 CST" duration-ms="105418" status="PASS">
          <reporter-output>
          </reporter-output>
        </test-method> <!-- download_da_banner_for_pplus_only_02 -->
        <test-method is-config="true" signature="afterMethod()[pri:0, instance:sandboxv2.c1.test.blue.NEMO15059@6c284af]" started-at="2023-11-10T14:07:51 CST" name="afterMethod" finished-at="2023-11-10T14:07:56 CST" duration-ms="4938" status="PASS">
          <reporter-output>
          </reporter-output>
        </test-method> <!-- afterMethod -->
        <test-method is-config="true" signature="AfterClass()[pri:0, instance:sandboxv2.c1.test.blue.NEMO15059@6c284af]" started-at="2023-11-10T14:07:56 CST" name="AfterClass" finished-at="2023-11-10T14:07:56 CST" duration-ms="364" status="PASS">
          <reporter-output>
          </reporter-output>
        </test-method> <!-- AfterClass -->
      </class> <!-- sandboxv2.c1.test.blue.NEMO15059 -->
    </test> <!-- Default test -->
  </suite> <!-- Default suite -->
</testng-results>
